Arguments: 
  /opt/homebrew/Cellar/node/16.11.1/bin/node /usr/local/bin/yarn

PATH: 
  /opt/homebrew/bin:/usr/local/bin:/usr/bin:/bin:/usr/sbin:/sbin:/Library/Apple/usr/bin:/opt/homebrew/bin:/Users/muhammadwasi/Library/Android/sdk/emulator:/Users/muhammadwasi/Library/Android/sdk/tools:/Users/muhammadwasi/Library/Android/sdk/tools/bin:/Users/muhammadwasi/Library/Android/sdk/platform-tools:/Users/muhammadwasi/Library/Android/sdk/emulator:/Users/muhammadwasi/Library/Android/sdk/tools:/Users/muhammadwasi/Library/Android/sdk/tools/bin:/Users/muhammadwasi/Library/Android/sdk/platform-tools

Yarn version: 
  1.22.10

Node version: 
  16.11.1

Platform: 
  darwin arm64

Trace: 
  SyntaxError: /Users/muhammadwasi/Desktop/University/EC2_Project/package.json: Unexpected token } in JSON at position 397
      at JSON.parse (<anonymous>)
      at /usr/local/lib/node_modules/yarn/lib/cli.js:1625:59
      at Generator.next (<anonymous>)
      at step (/usr/local/lib/node_modules/yarn/lib/cli.js:310:30)
      at /usr/local/lib/node_modules/yarn/lib/cli.js:321:13

npm manifest: 
  {
      "name": "ec2",
      "version": "1.0.0",
      "description": "",
      "main": "server.js",
      "scripts": {
          "test": "echo \"Error: no test specified\" && exit 1"
      },
      "author": "",
      "license": "ISC",
      "dependencies": {
          "body-parser": "^1.19.0",
          "cors": "^2.8.5",
          "express": "^4.17.1",
          "fs": "^0.0.1-security",
          "nodemon": "^2.0.4",
      }
  }

yarn manifest: 
  No manifest

Lockfile: 
  No lockfile
